<?xml version="1.0" encoding="UTF-8"?>
<testng-results ignored="0" total="1" passed="0" failed="1" skipped="0">
  <reporter-output>
  </reporter-output>
  <suite started-at="2025-06-04T10:52:53 IST" name="Default suite" finished-at="2025-06-04T10:53:10 IST" duration-ms="17362">
    <groups>
    </groups>
    <test started-at="2025-06-04T10:52:53 IST" name="Default test" finished-at="2025-06-04T10:53:10 IST" duration-ms="17362">
      <class name="chinmay.Section4and5_BasicTest">
        <test-method is-config="true" signature="setupReport()[pri:0, instance:chinmay.Section4and5_BasicTest@6a2b953e]" started-at="2025-06-04T10:52:52 IST" name="setupReport" finished-at="2025-06-04T10:52:53 IST" duration-ms="187" status="PASS">
          <reporter-output>
          </reporter-output>
        </test-method> <!-- setupReport -->
        <test-method is-config="true" signature="configureAppium()[pri:0, instance:chinmay.Section4and5_BasicTest@6a2b953e]" started-at="2025-06-04T10:52:53 IST" name="configureAppium" finished-at="2025-06-04T10:53:03 IST" duration-ms="10469" status="PASS">
          <reporter-output>
          </reporter-output>
        </test-method> <!-- configureAppium -->
        <test-method signature="BasicTest()[pri:0, instance:chinmay.Section4and5_BasicTest@6a2b953e]" started-at="2025-06-04T10:53:03 IST" name="BasicTest" finished-at="2025-06-04T10:53:09 IST" duration-ms="6335" status="FAIL">
          <exception class="org.openqa.selenium.UnsupportedCommandException">
            <message>
              <![CDATA[The requested resource could not be found, or a request was received using an HTTP method that is not supported by the mapped resource
Build info: version: '4.0.0', revision: '3a21814679'
System info: host: 'DESKTOP-28UNI6L', ip: '172.16.16.174', os.name: 'Windows 11', os.arch: 'amd64', os.version: '10.0', java.version: '23.0.1'
Driver info: io.appium.java_client.android.AndroidDriver
Command: [33b93802-0932-4275-bb9e-462f537b5319, close {}]
Capabilities {appium:app: C:\Users\DELL\Downloads\Pra..., appium:appActivity: io.appium.android.apis.ApiD..., appium:appPackage: io.appium.android.apis, appium:automationName: UIAutomator2, appium:databaseEnabled: false, appium:desired: {app: C:\Users\DELL\Downloads\Pra..., automationName: UIAutomator2, deviceName: Redmi Note 8 API 31, platformName: android}, appium:deviceApiLevel: 30, appium:deviceManufacturer: Google, appium:deviceModel: sdk_gphone_x86, appium:deviceName: emulator-5554, appium:deviceScreenDensity: 480, appium:deviceScreenSize: 1080x2400, appium:deviceUDID: emulator-5554, appium:javascriptEnabled: true, appium:locationContextEnabled: false, appium:networkConnectionEnabled: true, appium:pixelRatio: 3, appium:platformVersion: 11, appium:statBarHeight: 72, appium:takesScreenshot: true, appium:viewportRect: {height: 2328, left: 0, top: 72, width: 1080}, appium:warnings: {}, appium:webStorageEnabled: false, platformName: android}
Session ID: 33b93802-0932-4275-bb9e-462f537b5319]]>
            </message>
            <full-stacktrace>
              <![CDATA[org.openqa.selenium.UnsupportedCommandException: The requested resource could not be found, or a request was received using an HTTP method that is not supported by the mapped resource
Build info: version: '4.0.0', revision: '3a21814679'
System info: host: 'DESKTOP-28UNI6L', ip: '172.16.16.174', os.name: 'Windows 11', os.arch: 'amd64', os.version: '10.0', java.version: '23.0.1'
Driver info: io.appium.java_client.android.AndroidDriver
Command: [33b93802-0932-4275-bb9e-462f537b5319, close {}]
Capabilities {appium:app: C:\Users\DELL\Downloads\Pra..., appium:appActivity: io.appium.android.apis.ApiD..., appium:appPackage: io.appium.android.apis, appium:automationName: UIAutomator2, appium:databaseEnabled: false, appium:desired: {app: C:\Users\DELL\Downloads\Pra..., automationName: UIAutomator2, deviceName: Redmi Note 8 API 31, platformName: android}, appium:deviceApiLevel: 30, appium:deviceManufacturer: Google, appium:deviceModel: sdk_gphone_x86, appium:deviceName: emulator-5554, appium:deviceScreenDensity: 480, appium:deviceScreenSize: 1080x2400, appium:deviceUDID: emulator-5554, appium:javascriptEnabled: true, appium:locationContextEnabled: false, appium:networkConnectionEnabled: true, appium:pixelRatio: 3, appium:platformVersion: 11, appium:statBarHeight: 72, appium:takesScreenshot: true, appium:viewportRect: {height: 2328, left: 0, top: 72, width: 1080}, appium:warnings: {}, appium:webStorageEnabled: false, platformName: android}
Session ID: 33b93802-0932-4275-bb9e-462f537b5319
at java.base/jdk.internal.reflect.DirectConstructorHandleAccessor.newInstance(DirectConstructorHandleAccessor.java:62)
at java.base/java.lang.reflect.Constructor.newInstanceWithCaller(Constructor.java:501)
at java.base/java.lang.reflect.Constructor.newInstance(Constructor.java:485)
at org.openqa.selenium.remote.codec.w3c.W3CHttpResponseCodec.createException(W3CHttpResponseCodec.java:200)
at org.openqa.selenium.remote.codec.w3c.W3CHttpResponseCodec.decode(W3CHttpResponseCodec.java:133)
at org.openqa.selenium.remote.codec.w3c.W3CHttpResponseCodec.decode(W3CHttpResponseCodec.java:53)
at org.openqa.selenium.remote.HttpCommandExecutor.execute(HttpCommandExecutor.java:184)
at io.appium.java_client.remote.AppiumCommandExecutor.execute(AppiumCommandExecutor.java:180)
at org.openqa.selenium.remote.RemoteWebDriver.execute(RemoteWebDriver.java:559)
at org.openqa.selenium.remote.RemoteWebDriver.execute(RemoteWebDriver.java:614)
at io.appium.java_client.AppiumDriver.execute(AppiumDriver.java:268)
at org.openqa.selenium.remote.RemoteWebDriver.close(RemoteWebDriver.java:444)
at chinmay.Section4and5_BasicTest.BasicTest(Section4and5_BasicTest.java:57)
at java.base/jdk.internal.reflect.DirectMethodHandleAccessor.invoke(DirectMethodHandleAccessor.java:103)
at java.base/java.lang.reflect.Method.invoke(Method.java:580)
at org.testng.internal.invokers.MethodInvocationHelper.invokeMethod(MethodInvocationHelper.java:141)
at org.testng.internal.invokers.TestInvoker.invokeMethod(TestInvoker.java:687)
at org.testng.internal.invokers.TestInvoker.invokeTestMethod(TestInvoker.java:230)
at org.testng.internal.invokers.MethodRunner.runInSequence(MethodRunner.java:63)
at org.testng.internal.invokers.TestInvoker$MethodInvocationAgent.invoke(TestInvoker.java:995)
at org.testng.internal.invokers.TestInvoker.invokeTestMethods(TestInvoker.java:203)
at org.testng.internal.invokers.TestMethodWorker.invokeTestMethods(TestMethodWorker.java:154)
at org.testng.internal.invokers.TestMethodWorker.run(TestMethodWorker.java:134)
at java.base/java.util.ArrayList.forEach(ArrayList.java:1597)
at org.testng.TestRunner.privateRun(TestRunner.java:741)
at org.testng.TestRunner.run(TestRunner.java:616)
at org.testng.SuiteRunner.runTest(SuiteRunner.java:421)
at org.testng.SuiteRunner.runSequentially(SuiteRunner.java:413)
at org.testng.SuiteRunner.privateRun(SuiteRunner.java:373)
at org.testng.SuiteRunner.run(SuiteRunner.java:312)
at org.testng.SuiteRunnerWorker.runSuite(SuiteRunnerWorker.java:52)
at org.testng.SuiteRunnerWorker.run(SuiteRunnerWorker.java:95)
at org.testng.TestNG.runSuitesSequentially(TestNG.java:1274)
at org.testng.TestNG.runSuitesLocally(TestNG.java:1208)
at org.testng.TestNG.runSuites(TestNG.java:1112)
at org.testng.TestNG.run(TestNG.java:1079)
at org.testng.remote.AbstractRemoteTestNG.run(AbstractRemoteTestNG.java:115)
at org.testng.remote.RemoteTestNG.initAndRun(RemoteTestNG.java:293)
at org.testng.remote.RemoteTestNG.main(RemoteTestNG.java:91)
]]>
            </full-stacktrace>
          </exception> <!-- org.openqa.selenium.UnsupportedCommandException -->
          <reporter-output>
          </reporter-output>
        </test-method> <!-- BasicTest -->
        <test-method is-config="true" signature="teardown()[pri:0, instance:chinmay.Section4and5_BasicTest@6a2b953e]" started-at="2025-06-04T10:53:09 IST" name="teardown" finished-at="2025-06-04T10:53:10 IST" duration-ms="522" status="PASS">
          <reporter-output>
          </reporter-output>
        </test-method> <!-- teardown -->
        <test-method is-config="true" signature="teardownReport()[pri:0, instance:chinmay.Section4and5_BasicTest@6a2b953e]" started-at="2025-06-04T10:53:10 IST" name="teardownReport" finished-at="2025-06-04T10:53:10 IST" duration-ms="306" status="PASS">
          <reporter-output>
          </reporter-output>
        </test-method> <!-- teardownReport -->
      </class> <!-- chinmay.Section4and5_BasicTest -->
    </test> <!-- Default test -->
  </suite> <!-- Default suite -->
</testng-results>
