<?xml version="1.0" encoding="UTF-8"?>
<testng-results ignored="0" total="1" passed="1" failed="0" skipped="0">
  <reporter-output>
  </reporter-output>
  <suite started-at="2026-05-08T10:57:25 IST" name="Default suite" finished-at="2026-05-08T10:57:46 IST" duration-ms="21027">
    <groups>
    </groups>
    <test started-at="2026-05-08T10:57:25 IST" name="Default test" finished-at="2026-05-08T10:57:46 IST" duration-ms="21027">
      <class name="com.calculator.calculator.TwoNumberCalculation">
        <test-method is-config="true" signature="configureAppium()[pri:0, instance:com.calculator.calculator.TwoNumberCalculation@117e949d]" started-at="2026-05-08T10:57:25 IST" name="configureAppium" finished-at="2026-05-08T10:57:33 IST" duration-ms="7347" status="PASS">
          <reporter-output>
          </reporter-output>
        </test-method> <!-- configureAppium -->
        <test-method signature="Search()[pri:0, instance:com.calculator.calculator.TwoNumberCalculation@117e949d]" started-at="2026-05-08T10:57:33 IST" name="Search" finished-at="2026-05-08T10:57:46 IST" duration-ms="13628" status="PASS">
          <reporter-output>
          </reporter-output>
        </test-method> <!-- Search -->
      </class> <!-- com.calculator.calculator.TwoNumberCalculation -->
    </test> <!-- Default test -->
  </suite> <!-- Default suite -->
</testng-results>
