<?xml version="1.0" encoding="UTF-8"?>
<testng-results ignored="0" total="2" passed="2" failed="0" skipped="0">
  <reporter-output>
  </reporter-output>
  <suite started-at="2025-09-11T14:56:54 IST" name="Default suite" finished-at="2025-09-11T14:57:13 IST" duration-ms="18517">
    <groups>
    </groups>
    <test started-at="2025-09-11T14:56:54 IST" name="Default test" finished-at="2025-09-11T14:57:13 IST" duration-ms="18517">
      <class name="automation.Register">
        <test-method is-config="true" signature="configureAppium()[pri:0, instance:automation.Register@45b4c3a9]" started-at="2025-09-11T14:56:54 IST" name="configureAppium" finished-at="2025-09-11T14:57:05 IST" duration-ms="10557" status="PASS">
          <reporter-output>
          </reporter-output>
        </test-method> <!-- configureAppium -->
        <test-method signature="ClickSkip()[pri:1, instance:automation.Register@45b4c3a9]" started-at="2025-09-11T14:57:05 IST" name="ClickSkip" finished-at="2025-09-11T14:57:09 IST" duration-ms="4329" status="PASS">
          <reporter-output>
          </reporter-output>
        </test-method> <!-- ClickSkip -->
        <test-method signature="Register()[pri:2, instance:automation.Register@45b4c3a9]" started-at="2025-09-11T14:57:09 IST" name="Register" finished-at="2025-09-11T14:57:12 IST" duration-ms="3212" status="PASS">
          <reporter-output>
          </reporter-output>
        </test-method> <!-- Register -->
        <test-method is-config="true" signature="teardown()[pri:0, instance:automation.Register@45b4c3a9]" started-at="2025-09-11T14:57:12 IST" name="teardown" finished-at="2025-09-11T14:57:13 IST" duration-ms="379" status="PASS">
          <reporter-output>
          </reporter-output>
        </test-method> <!-- teardown -->
      </class> <!-- automation.Register -->
    </test> <!-- Default test -->
  </suite> <!-- Default suite -->
</testng-results>
