<?xml version="1.0" encoding="UTF-8"?>
<testng-results ignored="0" total="2" passed="2" failed="0" skipped="0">
  <reporter-output>
  </reporter-output>
  <suite started-at="2026-07-08T16:23:37 IST" name="Default suite" finished-at="2026-07-08T16:23:59 IST" duration-ms="21788">
    <groups>
    </groups>
    <test started-at="2026-07-08T16:23:37 IST" name="Default test" finished-at="2026-07-08T16:23:59 IST" duration-ms="21788">
      <class name="tests.ContactTest">
        <test-method is-config="true" signature="setUp()[pri:0, instance:tests.ContactTest@587e5365]" started-at="2026-07-08T16:23:37 IST" name="setUp" finished-at="2026-07-08T16:23:46 IST" duration-ms="9053" status="PASS">
          <reporter-output>
          </reporter-output>
        </test-method> <!-- setUp -->
        <test-method is-config="true" signature="initPage()[pri:0, instance:tests.ContactTest@587e5365]" started-at="2026-07-08T16:23:46 IST" name="initPage" finished-at="2026-07-08T16:23:46 IST" duration-ms="7" status="PASS">
          <reporter-output>
          </reporter-output>
        </test-method> <!-- initPage -->
        <test-method signature="addContact()[pri:1, instance:tests.ContactTest@587e5365]" started-at="2026-07-08T16:23:46 IST" name="addContact" finished-at="2026-07-08T16:23:53 IST" duration-ms="6421" status="PASS">
          <reporter-output>
          </reporter-output>
        </test-method> <!-- addContact -->
        <test-method signature="editContact()[pri:2, instance:tests.ContactTest@587e5365]" started-at="2026-07-08T16:23:53 IST" name="editContact" finished-at="2026-07-08T16:23:58 IST" duration-ms="4759" status="PASS">
          <reporter-output>
          </reporter-output>
        </test-method> <!-- editContact -->
        <test-method is-config="true" signature="tearDown()[pri:0, instance:tests.ContactTest@587e5365]" started-at="2026-07-08T16:23:58 IST" name="tearDown" finished-at="2026-07-08T16:23:59 IST" duration-ms="1502" status="PASS">
          <reporter-output>
          </reporter-output>
        </test-method> <!-- tearDown -->
      </class> <!-- tests.ContactTest -->
    </test> <!-- Default test -->
  </suite> <!-- Default suite -->
</testng-results>
