<?xml version="1.0" encoding="UTF-8"?>
<testng-results ignored="0" total="1" passed="0" failed="0" skipped="1">
  <reporter-output>
  </reporter-output>
  <suite started-at="2025-07-14T17:58:47 IST" name="Default suite" finished-at="2025-07-14T17:59:08 IST" duration-ms="20208">
    <groups>
    </groups>
    <test started-at="2025-07-14T17:58:47 IST" name="Default test" finished-at="2025-07-14T17:59:08 IST" duration-ms="20208">
      <class name="com.bai.bai.FirstBAITest">
        <test-method is-config="true" signature="clearClipboard()[pri:0, instance:com.bai.bai.FirstBAITest@5f8edcc5]" started-at="2025-07-14T17:58:47 IST" name="clearClipboard" finished-at="2025-07-14T17:58:47 IST" duration-ms="70" status="PASS">
          <reporter-output>
          </reporter-output>
        </test-method> <!-- clearClipboard -->
        <test-method is-config="true" signature="configureAppium()[pri:0, instance:com.bai.bai.FirstBAITest@5f8edcc5]" started-at="2025-07-14T17:58:48 IST" name="configureAppium" finished-at="2025-07-14T17:59:08 IST" duration-ms="20082" status="FAIL">
          <exception class="io.appium.java_client.service.local.AppiumServerHasNotBeenStartedLocallyException">
            <message>
              <![CDATA[[The local appium server has not been started, Reason: Timed out waiting for [http://127.0.0.1:4723/status] to be available after 20015 ms, Consider increasing the server startup timeout value (currently 20000ms), Node.js executable path: C:\Program Files\nodejs\node.exe, Arguments: [C:\Users\DELL\AppData\Roaming\npm\node_modules\appium\build\lib\main.js, --port, 4723, --address, 127.0.0.1], Output: [38;5;112m[Appium][0m Welcome to Appium v2.15.0
[38;5;112m[Appium][0m Non-default server args:
[38;5;112m[Appium][0m { address: [32m'127.0.0.1'[39m }
[38;5;112m[Appium][0m The autodetected Appium home path: C:\Users\DELL\.appium
[38;5;112m[Appium][0m Attempting to load driver uiautomator2...
[38;5;112m[Appium][0m Attempting to load driver xcuitest...
[38;5;112m[Appium][0m Requiring driver at C:\Users\DELL\.appium\node_modules\appium-uiautomator2-driver\build\index.js
[38;5;112m[Appium][0m Requiring driver at C:\Users\DELL\.appium\node_modules\appium-xcuitest-driver\build\index.js
[38;5;112m[Appium][0m AndroidUiautomator2Driver has been successfully loaded in 0.761s
[38;5;112m[Appium][0m XCUITestDriver has been successfully loaded in 1.522s
[38;5;86m[HTTP][0m Could not start REST http interface listener. The requested port may already be in use. Please make sure there is no other instance of this server running already.
[38;5;112m[Appium][0m Could not configure Appium server. It's possible that a driver or plugin tried to update the server and failed. Original error: listen EADDRINUSE: address already in use 127.0.0.1:4723
[38;5;112m[Appium][0m Error: listen EADDRINUSE: address already in use 127.0.0.1:4723
    at Server.setupListenHandle [as _listen2] (node:net:1912:16)
    at listenInCluster (node:net:1969:12)
    at node:net:2178:7
    at processTicksAndRejections (node:internal/process/task_queues:90:21)
    at runNextTicks (node:internal/process/task_queues:69:3)
    at processImmediate (node:internal/timers:459:9)
]]]>
            </message>
            <full-stacktrace>
              <![CDATA[io.appium.java_client.service.local.AppiumServerHasNotBeenStartedLocallyException: [The local appium server has not been started, Reason: Timed out waiting for [http://127.0.0.1:4723/status] to be available after 20015 ms, Consider increasing the server startup timeout value (currently 20000ms), Node.js executable path: C:\Program Files\nodejs\node.exe, Arguments: [C:\Users\DELL\AppData\Roaming\npm\node_modules\appium\build\lib\main.js, --port, 4723, --address, 127.0.0.1], Output: [38;5;112m[Appium][0m Welcome to Appium v2.15.0
[38;5;112m[Appium][0m Non-default server args:
[38;5;112m[Appium][0m { address: [32m'127.0.0.1'[39m }
[38;5;112m[Appium][0m The autodetected Appium home path: C:\Users\DELL\.appium
[38;5;112m[Appium][0m Attempting to load driver uiautomator2...
[38;5;112m[Appium][0m Attempting to load driver xcuitest...
[38;5;112m[Appium][0m Requiring driver at C:\Users\DELL\.appium\node_modules\appium-uiautomator2-driver\build\index.js
[38;5;112m[Appium][0m Requiring driver at C:\Users\DELL\.appium\node_modules\appium-xcuitest-driver\build\index.js
[38;5;112m[Appium][0m AndroidUiautomator2Driver has been successfully loaded in 0.761s
[38;5;112m[Appium][0m XCUITestDriver has been successfully loaded in 1.522s
[38;5;86m[HTTP][0m Could not start REST http interface listener. The requested port may already be in use. Please make sure there is no other instance of this server running already.
[38;5;112m[Appium][0m Could not configure Appium server. It's possible that a driver or plugin tried to update the server and failed. Original error: listen EADDRINUSE: address already in use 127.0.0.1:4723
[38;5;112m[Appium][0m Error: listen EADDRINUSE: address already in use 127.0.0.1:4723
    at Server.setupListenHandle [as _listen2] (node:net:1912:16)
    at listenInCluster (node:net:1969:12)
    at node:net:2178:7
    at processTicksAndRejections (node:internal/process/task_queues:90:21)
    at runNextTicks (node:internal/process/task_queues:69:3)
    at processImmediate (node:internal/timers:459:9)
]
at io.appium.java_client.service.local.AppiumDriverLocalService.start(AppiumDriverLocalService.java:202)
at com.bai.bai.BaseTest.configureAppium(BaseTest.java:54)
at java.base/jdk.internal.reflect.DirectMethodHandleAccessor.invoke(DirectMethodHandleAccessor.java:103)
at java.base/java.lang.reflect.Method.invoke(Method.java:580)
at org.testng.internal.invokers.MethodInvocationHelper.invokeMethod(MethodInvocationHelper.java:141)
at org.testng.internal.invokers.MethodInvocationHelper.invokeMethodConsideringTimeout(MethodInvocationHelper.java:71)
at org.testng.internal.invokers.ConfigInvoker.invokeConfigurationMethod(ConfigInvoker.java:400)
at org.testng.internal.invokers.ConfigInvoker.invokeConfigurations(ConfigInvoker.java:333)
at org.testng.internal.invokers.TestMethodWorker.invokeBeforeClassMethods(TestMethodWorker.java:188)
at org.testng.internal.invokers.TestMethodWorker.run(TestMethodWorker.java:128)
at java.base/java.util.ArrayList.forEach(ArrayList.java:1597)
at org.testng.TestRunner.privateRun(TestRunner.java:739)
at org.testng.TestRunner.run(TestRunner.java:614)
at org.testng.SuiteRunner.runTest(SuiteRunner.java:421)
at org.testng.SuiteRunner.runSequentially(SuiteRunner.java:413)
at org.testng.SuiteRunner.privateRun(SuiteRunner.java:373)
at org.testng.SuiteRunner.run(SuiteRunner.java:312)
at org.testng.SuiteRunnerWorker.runSuite(SuiteRunnerWorker.java:52)
at org.testng.SuiteRunnerWorker.run(SuiteRunnerWorker.java:95)
at org.testng.TestNG.runSuitesSequentially(TestNG.java:1274)
at org.testng.TestNG.runSuitesLocally(TestNG.java:1208)
at org.testng.TestNG.runSuites(TestNG.java:1112)
at org.testng.TestNG.run(TestNG.java:1079)
at org.testng.remote.AbstractRemoteTestNG.run(AbstractRemoteTestNG.java:115)
at org.testng.remote.RemoteTestNG.initAndRun(RemoteTestNG.java:293)
at org.testng.remote.RemoteTestNG.main(RemoteTestNG.java:91)
Caused by: org.openqa.selenium.net.UrlChecker$TimeoutException: Timed out waiting for [http://127.0.0.1:4723/status] to be available after 20015 ms
at org.openqa.selenium.net.UrlChecker.waitUntilAvailable(UrlChecker.java:94)
at io.appium.java_client.service.local.AppiumDriverLocalService.ping(AppiumDriverLocalService.java:157)
at io.appium.java_client.service.local.AppiumDriverLocalService.start(AppiumDriverLocalService.java:181)
... 25 more
Caused by: java.util.concurrent.TimeoutException
at java.base/java.util.concurrent.FutureTask.get(FutureTask.java:204)
at org.openqa.selenium.net.UrlChecker.waitUntilAvailable(UrlChecker.java:91)
... 27 more
]]>
            </full-stacktrace>
          </exception> <!-- io.appium.java_client.service.local.AppiumServerHasNotBeenStartedLocallyException -->
          <reporter-output>
          </reporter-output>
        </test-method> <!-- configureAppium -->
        <test-method signature="Search()[pri:0, instance:com.bai.bai.FirstBAITest@5f8edcc5]" started-at="2025-07-14T17:59:08 IST" name="Search" finished-at="2025-07-14T17:59:08 IST" duration-ms="0" status="SKIP">
          <exception class="io.appium.java_client.service.local.AppiumServerHasNotBeenStartedLocallyException">
            <message>
              <![CDATA[[The local appium server has not been started, Reason: Timed out waiting for [http://127.0.0.1:4723/status] to be available after 20015 ms, Consider increasing the server startup timeout value (currently 20000ms), Node.js executable path: C:\Program Files\nodejs\node.exe, Arguments: [C:\Users\DELL\AppData\Roaming\npm\node_modules\appium\build\lib\main.js, --port, 4723, --address, 127.0.0.1], Output: [38;5;112m[Appium][0m Welcome to Appium v2.15.0
[38;5;112m[Appium][0m Non-default server args:
[38;5;112m[Appium][0m { address: [32m'127.0.0.1'[39m }
[38;5;112m[Appium][0m The autodetected Appium home path: C:\Users\DELL\.appium
[38;5;112m[Appium][0m Attempting to load driver uiautomator2...
[38;5;112m[Appium][0m Attempting to load driver xcuitest...
[38;5;112m[Appium][0m Requiring driver at C:\Users\DELL\.appium\node_modules\appium-uiautomator2-driver\build\index.js
[38;5;112m[Appium][0m Requiring driver at C:\Users\DELL\.appium\node_modules\appium-xcuitest-driver\build\index.js
[38;5;112m[Appium][0m AndroidUiautomator2Driver has been successfully loaded in 0.761s
[38;5;112m[Appium][0m XCUITestDriver has been successfully loaded in 1.522s
[38;5;86m[HTTP][0m Could not start REST http interface listener. The requested port may already be in use. Please make sure there is no other instance of this server running already.
[38;5;112m[Appium][0m Could not configure Appium server. It's possible that a driver or plugin tried to update the server and failed. Original error: listen EADDRINUSE: address already in use 127.0.0.1:4723
[38;5;112m[Appium][0m Error: listen EADDRINUSE: address already in use 127.0.0.1:4723
    at Server.setupListenHandle [as _listen2] (node:net:1912:16)
    at listenInCluster (node:net:1969:12)
    at node:net:2178:7
    at processTicksAndRejections (node:internal/process/task_queues:90:21)
    at runNextTicks (node:internal/process/task_queues:69:3)
    at processImmediate (node:internal/timers:459:9)
]]]>
            </message>
            <full-stacktrace>
              <![CDATA[io.appium.java_client.service.local.AppiumServerHasNotBeenStartedLocallyException: [The local appium server has not been started, Reason: Timed out waiting for [http://127.0.0.1:4723/status] to be available after 20015 ms, Consider increasing the server startup timeout value (currently 20000ms), Node.js executable path: C:\Program Files\nodejs\node.exe, Arguments: [C:\Users\DELL\AppData\Roaming\npm\node_modules\appium\build\lib\main.js, --port, 4723, --address, 127.0.0.1], Output: [38;5;112m[Appium][0m Welcome to Appium v2.15.0
[38;5;112m[Appium][0m Non-default server args:
[38;5;112m[Appium][0m { address: [32m'127.0.0.1'[39m }
[38;5;112m[Appium][0m The autodetected Appium home path: C:\Users\DELL\.appium
[38;5;112m[Appium][0m Attempting to load driver uiautomator2...
[38;5;112m[Appium][0m Attempting to load driver xcuitest...
[38;5;112m[Appium][0m Requiring driver at C:\Users\DELL\.appium\node_modules\appium-uiautomator2-driver\build\index.js
[38;5;112m[Appium][0m Requiring driver at C:\Users\DELL\.appium\node_modules\appium-xcuitest-driver\build\index.js
[38;5;112m[Appium][0m AndroidUiautomator2Driver has been successfully loaded in 0.761s
[38;5;112m[Appium][0m XCUITestDriver has been successfully loaded in 1.522s
[38;5;86m[HTTP][0m Could not start REST http interface listener. The requested port may already be in use. Please make sure there is no other instance of this server running already.
[38;5;112m[Appium][0m Could not configure Appium server. It's possible that a driver or plugin tried to update the server and failed. Original error: listen EADDRINUSE: address already in use 127.0.0.1:4723
[38;5;112m[Appium][0m Error: listen EADDRINUSE: address already in use 127.0.0.1:4723
    at Server.setupListenHandle [as _listen2] (node:net:1912:16)
    at listenInCluster (node:net:1969:12)
    at node:net:2178:7
    at processTicksAndRejections (node:internal/process/task_queues:90:21)
    at runNextTicks (node:internal/process/task_queues:69:3)
    at processImmediate (node:internal/timers:459:9)
]
at io.appium.java_client.service.local.AppiumDriverLocalService.start(AppiumDriverLocalService.java:202)
at com.bai.bai.BaseTest.configureAppium(BaseTest.java:54)
at java.base/jdk.internal.reflect.DirectMethodHandleAccessor.invoke(DirectMethodHandleAccessor.java:103)
at java.base/java.lang.reflect.Method.invoke(Method.java:580)
at org.testng.internal.invokers.MethodInvocationHelper.invokeMethod(MethodInvocationHelper.java:141)
at org.testng.internal.invokers.MethodInvocationHelper.invokeMethodConsideringTimeout(MethodInvocationHelper.java:71)
at org.testng.internal.invokers.ConfigInvoker.invokeConfigurationMethod(ConfigInvoker.java:400)
at org.testng.internal.invokers.ConfigInvoker.invokeConfigurations(ConfigInvoker.java:333)
at org.testng.internal.invokers.TestMethodWorker.invokeBeforeClassMethods(TestMethodWorker.java:188)
at org.testng.internal.invokers.TestMethodWorker.run(TestMethodWorker.java:128)
at java.base/java.util.ArrayList.forEach(ArrayList.java:1597)
at org.testng.TestRunner.privateRun(TestRunner.java:739)
at org.testng.TestRunner.run(TestRunner.java:614)
at org.testng.SuiteRunner.runTest(SuiteRunner.java:421)
at org.testng.SuiteRunner.runSequentially(SuiteRunner.java:413)
at org.testng.SuiteRunner.privateRun(SuiteRunner.java:373)
at org.testng.SuiteRunner.run(SuiteRunner.java:312)
at org.testng.SuiteRunnerWorker.runSuite(SuiteRunnerWorker.java:52)
at org.testng.SuiteRunnerWorker.run(SuiteRunnerWorker.java:95)
at org.testng.TestNG.runSuitesSequentially(TestNG.java:1274)
at org.testng.TestNG.runSuitesLocally(TestNG.java:1208)
at org.testng.TestNG.runSuites(TestNG.java:1112)
at org.testng.TestNG.run(TestNG.java:1079)
at org.testng.remote.AbstractRemoteTestNG.run(AbstractRemoteTestNG.java:115)
at org.testng.remote.RemoteTestNG.initAndRun(RemoteTestNG.java:293)
at org.testng.remote.RemoteTestNG.main(RemoteTestNG.java:91)
Caused by: org.openqa.selenium.net.UrlChecker$TimeoutException: Timed out waiting for [http://127.0.0.1:4723/status] to be available after 20015 ms
at org.openqa.selenium.net.UrlChecker.waitUntilAvailable(UrlChecker.java:94)
at io.appium.java_client.service.local.AppiumDriverLocalService.ping(AppiumDriverLocalService.java:157)
at io.appium.java_client.service.local.AppiumDriverLocalService.start(AppiumDriverLocalService.java:181)
... 25 more
Caused by: java.util.concurrent.TimeoutException
at java.base/java.util.concurrent.FutureTask.get(FutureTask.java:204)
at org.openqa.selenium.net.UrlChecker.waitUntilAvailable(UrlChecker.java:91)
... 27 more
]]>
            </full-stacktrace>
          </exception> <!-- io.appium.java_client.service.local.AppiumServerHasNotBeenStartedLocallyException -->
          <reporter-output>
          </reporter-output>
        </test-method> <!-- Search -->
        <test-method is-config="true" signature="stop()[pri:0, instance:com.bai.bai.FirstBAITest@5f8edcc5]" started-at="2025-07-14T17:59:08 IST" name="stop" finished-at="2025-07-14T17:59:08 IST" duration-ms="0" status="SKIP">
          <reporter-output>
          </reporter-output>
        </test-method> <!-- stop -->
      </class> <!-- com.bai.bai.FirstBAITest -->
    </test> <!-- Default test -->
  </suite> <!-- Default suite -->
</testng-results>
