<?xml version="1.0" encoding="UTF-8"?>
<!-- Generated by org.testng.reporters.JUnitReportReporter -->
<testsuite hostname="DESKTOP-28UNI6L" failures="0" tests="1" name="chinmay.Section9_51_52_HybridApp_Handle_Objects_InWebView_Context" time="43.694" errors="0" timestamp="2025-01-16T12:07:55 IST" skipped="0">
  <testcase classname="chinmay.Section9_51_52_HybridApp_Handle_Objects_InWebView_Context" name="FillForm" time="43.694"/>
</testsuite> <!-- chinmay.Section9_51_52_HybridApp_Handle_Objects_InWebView_Context -->
