<?xml version="1.0" encoding="UTF-8"?>
<!-- Generated by org.testng.reporters.JUnitReportReporter -->
<testsuite hostname="DESKTOP-28UNI6L" failures="0" tests="2" name="com.calculator.calculator.OneNumberCalculation" time="20.090" errors="1" timestamp="2025-06-04T10:51:48 IST" skipped="1">
  <testcase classname="com.calculator.calculator.OneNumberCalculation" name="configureAppium" time="20.090">
    <error message="[The local appium server has not been started, Reason: Timed out waiting for [http://127.0.0.1:4723/status] to be available after 20013 ms, Consider increasing the server startup timeout value (currently 20000ms), Node.js executable path: C:\Program Files\nodejs\node.exe, Arguments: [C:\Users\DELL\AppData\Roaming\npm\node_modules\appium\build\lib\main.js, --port, 4723, --address, 127.0.0.1], Output: [38;5;112m[Appium][0m Welcome to Appium v2.15.0
[38;5;112m[Appium][0m Non-default server args:
[38;5;112m[Appium][0m { address: [32m&#039;127.0.0.1&#039;[39m }
[38;5;112m[Appium][0m The autodetected Appium home path: C:\Users\DELL\.appium
[38;5;112m[Appium][0m Attempting to load driver uiautomator2...
[38;5;112m[Appium][0m Attempting to load driver xcuitest...
[38;5;112m[Appium][0m Requiring driver at C:\Users\DELL\.appium\node_modules\appium-uiautomator2-driver\build\index.js
[38;5;112m[Appium][0m Requiring driver at C:\Users\DELL\.appium\node_modules\appium-xcuitest-driver\build\index.js
[38;5;112m[Appium][0m AndroidUiautomator2Driver has been successfully loaded in 0.704s
[38;5;112m[Appium][0m XCUITestDriver has been successfully loaded in 1.422s
[38;5;86m[HTTP][0m Could not start REST http interface listener. The requested port may already be in use. Please make sure there is no other instance of this server running already.
[38;5;112m[Appium][0m Could not configure Appium server. It&#039;s possible that a driver or plugin tried to update the server and failed. Original error: listen EADDRINUSE: address already in use 127.0.0.1:4723
[38;5;112m[Appium][0m Error: listen EADDRINUSE: address already in use 127.0.0.1:4723
    at Server.setupListenHandle [as _listen2] (node:net:1912:16)
    at listenInCluster (node:net:1969:12)
    at node:net:2178:7
    at processTicksAndRejections (node:internal/process/task_queues:90:21)
]" type="io.appium.java_client.service.local.AppiumServerHasNotBeenStartedLocallyException">
      <![CDATA[io.appium.java_client.service.local.AppiumServerHasNotBeenStartedLocallyException: [The local appium server has not been started, Reason: Timed out waiting for [http://127.0.0.1:4723/status] to be available after 20013 ms, Consider increasing the server startup timeout value (currently 20000ms), Node.js executable path: C:\Program Files\nodejs\node.exe, Arguments: [C:\Users\DELL\AppData\Roaming\npm\node_modules\appium\build\lib\main.js, --port, 4723, --address, 127.0.0.1], Output: [38;5;112m[Appium][0m Welcome to Appium v2.15.0
[38;5;112m[Appium][0m Non-default server args:
[38;5;112m[Appium][0m { address: [32m'127.0.0.1'[39m }
[38;5;112m[Appium][0m The autodetected Appium home path: C:\Users\DELL\.appium
[38;5;112m[Appium][0m Attempting to load driver uiautomator2...
[38;5;112m[Appium][0m Attempting to load driver xcuitest...
[38;5;112m[Appium][0m Requiring driver at C:\Users\DELL\.appium\node_modules\appium-uiautomator2-driver\build\index.js
[38;5;112m[Appium][0m Requiring driver at C:\Users\DELL\.appium\node_modules\appium-xcuitest-driver\build\index.js
[38;5;112m[Appium][0m AndroidUiautomator2Driver has been successfully loaded in 0.704s
[38;5;112m[Appium][0m XCUITestDriver has been successfully loaded in 1.422s
[38;5;86m[HTTP][0m Could not start REST http interface listener. The requested port may already be in use. Please make sure there is no other instance of this server running already.
[38;5;112m[Appium][0m Could not configure Appium server. It's possible that a driver or plugin tried to update the server and failed. Original error: listen EADDRINUSE: address already in use 127.0.0.1:4723
[38;5;112m[Appium][0m Error: listen EADDRINUSE: address already in use 127.0.0.1:4723
    at Server.setupListenHandle [as _listen2] (node:net:1912:16)
    at listenInCluster (node:net:1969:12)
    at node:net:2178:7
    at processTicksAndRejections (node:internal/process/task_queues:90:21)
]
at io.appium.java_client.service.local.AppiumDriverLocalService.start(AppiumDriverLocalService.java:202)
at com.calculator.calculator.BaseTest.configureAppium(BaseTest.java:45)
at java.base/jdk.internal.reflect.DirectMethodHandleAccessor.invoke(DirectMethodHandleAccessor.java:103)
at java.base/java.lang.reflect.Method.invoke(Method.java:580)
at org.testng.internal.invokers.MethodInvocationHelper.invokeMethod(MethodInvocationHelper.java:141)
at org.testng.internal.invokers.MethodInvocationHelper.invokeMethodConsideringTimeout(MethodInvocationHelper.java:71)
at org.testng.internal.invokers.ConfigInvoker.invokeConfigurationMethod(ConfigInvoker.java:400)
at org.testng.internal.invokers.ConfigInvoker.invokeConfigurations(ConfigInvoker.java:333)
at org.testng.internal.invokers.TestMethodWorker.invokeBeforeClassMethods(TestMethodWorker.java:188)
at org.testng.internal.invokers.TestMethodWorker.run(TestMethodWorker.java:128)
at java.base/java.util.ArrayList.forEach(ArrayList.java:1597)
at org.testng.TestRunner.privateRun(TestRunner.java:739)
at org.testng.TestRunner.run(TestRunner.java:614)
at org.testng.SuiteRunner.runTest(SuiteRunner.java:421)
at org.testng.SuiteRunner.runSequentially(SuiteRunner.java:413)
at org.testng.SuiteRunner.privateRun(SuiteRunner.java:373)
at org.testng.SuiteRunner.run(SuiteRunner.java:312)
at org.testng.SuiteRunnerWorker.runSuite(SuiteRunnerWorker.java:52)
at org.testng.SuiteRunnerWorker.run(SuiteRunnerWorker.java:95)
at org.testng.TestNG.runSuitesSequentially(TestNG.java:1274)
at org.testng.TestNG.runSuitesLocally(TestNG.java:1208)
at org.testng.TestNG.runSuites(TestNG.java:1112)
at org.testng.TestNG.run(TestNG.java:1079)
at org.testng.remote.AbstractRemoteTestNG.run(AbstractRemoteTestNG.java:115)
at org.testng.remote.RemoteTestNG.initAndRun(RemoteTestNG.java:293)
at org.testng.remote.RemoteTestNG.main(RemoteTestNG.java:91)
Caused by: org.openqa.selenium.net.UrlChecker$TimeoutException: Timed out waiting for [http://127.0.0.1:4723/status] to be available after 20013 ms
at org.openqa.selenium.net.UrlChecker.waitUntilAvailable(UrlChecker.java:94)
at io.appium.java_client.service.local.AppiumDriverLocalService.ping(AppiumDriverLocalService.java:157)
at io.appium.java_client.service.local.AppiumDriverLocalService.start(AppiumDriverLocalService.java:181)
... 25 more
Caused by: java.util.concurrent.TimeoutException
at java.base/java.util.concurrent.FutureTask.get(FutureTask.java:204)
at org.openqa.selenium.net.UrlChecker.waitUntilAvailable(UrlChecker.java:91)
... 27 more
]]>
    </error>
  </testcase> <!-- configureAppium -->
  <testcase classname="com.calculator.calculator.OneNumberCalculation" name="Calculate" time="0.000">
    <skipped/>
  </testcase> <!-- Calculate -->
</testsuite> <!-- com.calculator.calculator.OneNumberCalculation -->
