<?xml version="1.0" encoding="UTF-8"?>
<testng-results ignored="0" total="1" passed="1" failed="0" skipped="0">
  <reporter-output>
  </reporter-output>
  <suite started-at="2025-01-21T21:14:56 IST" name="Default suite" finished-at="2025-01-21T21:15:12 IST" duration-ms="16005">
    <groups>
    </groups>
    <test started-at="2025-01-21T21:14:56 IST" name="Default test" finished-at="2025-01-21T21:15:12 IST" duration-ms="16005">
      <class name="chinmay.Section4and5_Basics">
        <test-method is-config="true" signature="configureAppium()[pri:0, instance:chinmay.Section4and5_Basics@b3ca52e]" started-at="2025-01-21T21:14:56 IST" name="configureAppium" finished-at="2025-01-21T21:15:04 IST" duration-ms="8146" status="PASS">
          <reporter-output>
          </reporter-output>
        </test-method> <!-- configureAppium -->
        <test-method signature="AppiumTest()[pri:0, instance:chinmay.Section4and5_Basics@b3ca52e]" started-at="2025-01-21T21:15:04 IST" name="AppiumTest" finished-at="2025-01-21T21:15:12 IST" duration-ms="7205" status="PASS">
          <reporter-output>
          </reporter-output>
        </test-method> <!-- AppiumTest -->
        <test-method is-config="true" signature="teardown()[pri:0, instance:chinmay.Section4and5_Basics@b3ca52e]" started-at="2025-01-21T21:15:12 IST" name="teardown" finished-at="2025-01-21T21:15:12 IST" duration-ms="614" status="PASS">
          <reporter-output>
          </reporter-output>
        </test-method> <!-- teardown -->
      </class> <!-- chinmay.Section4and5_Basics -->
    </test> <!-- Default test -->
  </suite> <!-- Default suite -->
</testng-results>
