<?xml version="1.0" encoding="UTF-8"?>
<testng-results ignored="0" total="1" passed="1" failed="0" skipped="0">
  <reporter-output>
  </reporter-output>
  <suite started-at="2025-06-23T10:51:11 IST" name="Default suite" finished-at="2025-06-23T10:51:43 IST" duration-ms="32176">
    <groups>
    </groups>
    <test started-at="2025-06-23T10:51:11 IST" name="Default test" finished-at="2025-06-23T10:51:43 IST" duration-ms="32176">
      <class name="chinmay.CropSearch">
        <test-method is-config="true" signature="configureAppium()[pri:0, instance:chinmay.CropSearch@4c39bec8]" started-at="2025-06-23T10:51:11 IST" name="configureAppium" finished-at="2025-06-23T10:51:26 IST" duration-ms="15126" status="PASS">
          <reporter-output>
          </reporter-output>
        </test-method> <!-- configureAppium -->
        <test-method signature="Search()[pri:0, instance:chinmay.CropSearch@4c39bec8]" started-at="2025-06-23T10:51:26 IST" name="Search" finished-at="2025-06-23T10:51:43 IST" duration-ms="16993" status="PASS">
          <reporter-output>
          </reporter-output>
        </test-method> <!-- Search -->
      </class> <!-- chinmay.CropSearch -->
    </test> <!-- Default test -->
  </suite> <!-- Default suite -->
</testng-results>
